-------------------------------------------------------------------------------
Test set: be.hypertux.mavenbook.WeatherFromYQL.service.YahooRetrieverTest
-------------------------------------------------------------------------------
Tests run: 1, Failures: 1, Errors: 0, Skipped: 0, Time elapsed: 0.287 s <<< FAILURE! - in be.hypertux.mavenbook.WeatherFromYQL.service.YahooRetrieverTest
retrieveTest(be.hypertux.mavenbook.WeatherFromYQL.service.YahooRetrieverTest)  Time elapsed: 0.276 s  <<< FAILURE!
java.lang.AssertionError: The two InputStream aren't equal, URL = "http://query.yahooapis.com/v1/public/yql?q=select+*+from+weather.forecast+where+woeid+%3D+615702&format=xml&env=store%3A%2F%2Fdatatables.org%2Falltableswithkeys".
	at be.hypertux.mavenbook.WeatherFromYQL.service.YahooRetrieverTest.retrieveTest(YahooRetrieverTest.java:35)

