<?xml version="1.0" encoding="UTF-8"?>
<testsuite xmlns:xsi="http://www.w3.org/2001/XMLSchema-instance" xsi:noNamespaceSchemaLocation="https://maven.apache.org/surefire/maven-surefire-plugin/xsd/surefire-test-report.xsd" name="be.hypertux.mavenbook.WeatherFromYQL.service.YahooParserTest" time="0.317" tests="14" errors="2" skipped="12" failures="0">
  <properties>
[...]
</properties>
  <testcase name="testLocationAttributesValue" classname="be.hypertux.mavenbook.WeatherFromYQL.service.YahooParserTest" time="0">
    <skipped/>
  </testcase>
  <testcase name="testConditionAttributesValue" classname="be.hypertux.mavenbook.WeatherFromYQL.service.YahooParserTest" time="0">
    <skipped/>
  </testcase>
  <testcase name="testLocationAttributes" classname="be.hypertux.mavenbook.WeatherFromYQL.service.YahooParserTest" time="0">
    <skipped/>
  </testcase>
  <testcase name="testUnitsAttributes" classname="be.hypertux.mavenbook.WeatherFromYQL.service.YahooParserTest" time="0">
    <skipped/>
  </testcase>
  <testcase name="testAtmosphereAttributesValues" classname="be.hypertux.mavenbook.WeatherFromYQL.service.YahooParserTest" time="0">
    <skipped/>
  </testcase>
  <testcase name="testConditionAttributes" classname="be.hypertux.mavenbook.WeatherFromYQL.service.YahooParserTest" time="0">
    <skipped/>
  </testcase>
  <testcase name="testForecastsAttributesValues" classname="be.hypertux.mavenbook.WeatherFromYQL.service.YahooParserTest" time="0">
    <skipped/>
  </testcase>
  <testcase name="testAstronomyAttributesValue" classname="be.hypertux.mavenbook.WeatherFromYQL.service.YahooParserTest" time="0">
    <skipped/>
  </testcase>
  <testcase name="testForecastsAttributes" classname="be.hypertux.mavenbook.WeatherFromYQL.service.YahooParserTest" time="0">
    <skipped/>
  </testcase>
  <testcase name="testUnitsAttributesValue" classname="be.hypertux.mavenbook.WeatherFromYQL.service.YahooParserTest" time="0">
    <skipped/>
  </testcase>
  <testcase name="testWeatherAttributes" classname="be.hypertux.mavenbook.WeatherFromYQL.service.YahooParserTest" time="0.28">
    <error type="java.lang.NullPointerException">java.lang.NullPointerException
	at be.hypertux.mavenbook.WeatherFromYQL.service.YahooParserTest.before(YahooParserTest.java:34)
</error>
    <system-out><![CDATA[0    INFO  WeatherFormatter  - |||| Loading of the XML test file is ok.
277  INFO  YahooParser  - |||| - Event during unmarshalisation : [severity=ERROR,message=élément inattendu (URI : "", local : "results"). Les éléments attendus sont <{}atmosphere>,<{}condition>,<{}listForecast>,<{}link>,<{}description>,<{}location>,<{}units>,<{}astronomy>,<{}wind>,locator=[node=null,object=null,url=null,line=2,col=11,offset=-1]]
277  INFO  YahooParser  - ||| locator : [node=null,object=null,url=null,line=2,col=11,offset=-1]
277  ERROR WeatherFormatter  - |||| Exception parsing the stream.java.lang.NullPointerException
]]></system-out>
  </testcase>
  <testcase name="testWeatherAttributesValue" classname="be.hypertux.mavenbook.WeatherFromYQL.service.YahooParserTest" time="0.013">
    <error type="java.lang.NullPointerException">java.lang.NullPointerException
	at be.hypertux.mavenbook.WeatherFromYQL.service.YahooParserTest.before(YahooParserTest.java:34)
</error>
    <system-out><![CDATA[282  INFO  WeatherFormatter  - |||| Loading of the XML test file is ok.
294  INFO  YahooParser  - |||| - Event during unmarshalisation : [severity=ERROR,message=élément inattendu (URI : "", local : "results"). Les éléments attendus sont <{}atmosphere>,<{}condition>,<{}listForecast>,<{}link>,<{}description>,<{}location>,<{}units>,<{}astronomy>,<{}wind>,locator=[node=null,object=null,url=null,line=2,col=11,offset=-1]]
294  INFO  YahooParser  - ||| locator : [node=null,object=null,url=null,line=2,col=11,offset=-1]
294  ERROR WeatherFormatter  - |||| Exception parsing the stream.java.lang.NullPointerException
]]></system-out>
  </testcase>
  <testcase name="testWindAttributesValue" classname="be.hypertux.mavenbook.WeatherFromYQL.service.YahooParserTest" time="0">
    <skipped/>
  </testcase>
  <testcase name="testAstronomyAttributes" classname="be.hypertux.mavenbook.WeatherFromYQL.service.YahooParserTest" time="0">
    <skipped/>
  </testcase>
</testsuite>